Thu 24 Aug 2023 04:14:26 AM UTC: 
 tests:  0|6
total_score: 0/70
320e5d5
Thu 24 Aug 2023 03:08:06 PM UTC: 
 list.c | 6 +++++-
 1 file changed, 5 insertions(+), 1 deletion(-)
In file included from test.c:5:
list.c: In function ‘createList’:
list.c:33:3: error: ‘list’ undeclared (first use in this function); did you mean ‘List’?
   33 |   list->head = NULL;
      |   ^~~~
      |   List
list.c:33:3: note: each undeclared identifier is reported only once for each function it appears in
Compilation failed
d7db2ed
Thu 24 Aug 2023 03:08:22 PM UTC: 
 list.c | 6 +++---
 1 file changed, 3 insertions(+), 3 deletions(-)
In file included from test.c:5:
list.c: In function ‘createList’:
list.c:34:8: error: ‘List’ {aka ‘struct List’} has no member named ‘size’
   34 |   lista->size = 0;
      |        ^~
Compilation failed
19a3212
Thu 24 Aug 2023 03:09:42 PM UTC: 
 list.c | 2 +-
 1 file changed, 1 insertion(+), 1 deletion(-)
 tests:  1|5
total_score: 10/70
5581365
Thu 24 Aug 2023 03:52:21 PM UTC: 
 list.c | 3 ++-
 1 file changed, 2 insertions(+), 1 deletion(-)
 tests:  0|0
6d3ad88
Thu 24 Aug 2023 03:53:21 PM UTC: 
 list.c | 3 +++
 1 file changed, 3 insertions(+)
In file included from test.c:5:
list.c: In function ‘firstList’:
list.c:40:6: error: expected ‘(’ before ‘list’
   40 |   if list->head == NULL{
      |      ^~~~
      |      (
list.c:40:10: error: statement with no effect [-Werror=unused-value]
   40 |   if list->head == NULL{
      |      ~~~~^~~~~~
cc1: all warnings being treated as errors
Compilation failed
395d3d9
Thu 24 Aug 2023 03:53:33 PM UTC: 
 list.c | 2 +-
 1 file changed, 1 insertion(+), 1 deletion(-)
 tests:  2|5
total_score: 15/70
be98802
Thu 24 Aug 2023 04:06:54 PM UTC: 
 list.c | 5 +++++
 1 file changed, 5 insertions(+)
In file included from test.c:5:
list.c: In function ‘nextList’:
list.c:51:10: error: unused variable ‘proximoNodo’ [-Werror=unused-variable]
   51 |   Node * proximoNodo = list->current->next;
      |          ^~~~~~~~~~~
cc1: all warnings being treated as errors
Compilation failed
6a2b2eb
Thu 24 Aug 2023 04:07:57 PM UTC: 
 list.c | 3 ++-
 1 file changed, 2 insertions(+), 1 deletion(-)
 tests:  2|5
total_score: 15/70
ab8822d
Thu 24 Aug 2023 04:08:41 PM UTC: 
 list.c | 2 +-
 1 file changed, 1 insertion(+), 1 deletion(-)
 tests:  0|0
c2406d5
Thu 24 Aug 2023 04:09:45 PM UTC: 
 list.c | 4 ++++
 1 file changed, 4 insertions(+)
 tests:  5|4
total_score: 25/70
41aef1a
Thu 24 Aug 2023 04:16:45 PM UTC: 
 list.c | 10 ++++++++++
 1 file changed, 10 insertions(+)
 tests:  5|4
total_score: 25/70
fb8a9c9
Thu 24 Aug 2023 04:18:00 PM UTC: 
 list.c | 4 ++++
 1 file changed, 4 insertions(+)
 tests:  9|3
total_score: 35/70
df17728
Thu 24 Aug 2023 04:54:22 PM UTC: 
 list.c | 2 ++
 1 file changed, 2 insertions(+)
In file included from test.c:5:
list.c: In function ‘pushFront’:
list.c:84:10: error: unused variable ‘newNode’ [-Werror=unused-variable]
   84 |   Node * newNode = createNode(data);
      |          ^~~~~~~
cc1: all warnings being treated as errors
Compilation failed
7ea3519
Thu 24 Aug 2023 08:01:39 PM UTC: 
 list.c | 3 ++-
 1 file changed, 2 insertions(+), 1 deletion(-)
 tests:  9|3
total_score: 35/70
4acfbc1
Thu 24 Aug 2023 08:02:53 PM UTC: 
 list.c | 3 +++
 1 file changed, 3 insertions(+)
 tests:  9|3
total_score: 35/70
52031fb
Thu 24 Aug 2023 08:03:34 PM UTC: 
 list.c | 2 +-
 1 file changed, 1 insertion(+), 1 deletion(-)
 tests:  9|3
total_score: 35/70
7e25d8d
Thu 24 Aug 2023 08:07:46 PM UTC: 
 list.c | 10 +++++++---
 1 file changed, 7 insertions(+), 3 deletions(-)
In file included from test.c:5:
list.c: In function ‘pushFront’:
list.c:92:34: error: stray ‘\302’ in program
   92 |     list->head->prev = nuevoNodo;¿
      |                                  ^
Compilation failed
7cb66a8
Thu 24 Aug 2023 08:07:51 PM UTC: 
 list.c | 2 +-
 1 file changed, 1 insertion(+), 1 deletion(-)
 tests:  9|3
total_score: 35/70
48c73ca
Thu 24 Aug 2023 08:08:25 PM UTC: 
 list.c | 1 +
 1 file changed, 1 insertion(+)
 tests:  10|2
total_score: 45/70
46726a5
Thu 24 Aug 2023 08:09:54 PM UTC: 
 list.c | 6 +++---
 1 file changed, 3 insertions(+), 3 deletions(-)
 tests:  0|0
24c8aca
Thu 24 Aug 2023 08:10:35 PM UTC: 
 list.c | 6 +++---
 1 file changed, 3 insertions(+), 3 deletions(-)
 tests:  10|2
total_score: 45/70
7f44e7d
Thu 24 Aug 2023 08:17:08 PM UTC: 
 list.c | 7 +++++++
 1 file changed, 7 insertions(+)
 tests:  10|2
total_score: 45/70
e9f9e9c
Thu 24 Aug 2023 08:19:09 PM UTC: 
 list.c | 2 ++
 1 file changed, 2 insertions(+)
 tests:  10|2
total_score: 45/70
4237fa9
Thu 24 Aug 2023 08:21:02 PM UTC: 
 list.c | 1 +
 1 file changed, 1 insertion(+)
 tests:  10|2
total_score: 45/70
ec6f850
Thu 24 Aug 2023 08:22:07 PM UTC: 
 list.c | 5 +----
 1 file changed, 1 insertion(+), 4 deletions(-)
 tests:  10|2
total_score: 45/70
210c98a
Thu 24 Aug 2023 08:23:06 PM UTC: 
 list.c | 1 +
 1 file changed, 1 insertion(+)
 tests:  10|2
total_score: 45/70
4a328a4
Thu 24 Aug 2023 08:24:07 PM UTC: 
 list.c | 3 ++-
 1 file changed, 2 insertions(+), 1 deletion(-)
 tests:  10|2
total_score: 45/70
3870838
Thu 24 Aug 2023 08:25:02 PM UTC: 
 list.c | 3 +--
 1 file changed, 1 insertion(+), 2 deletions(-)
 tests:  10|2
total_score: 45/70
e07651b
Thu 24 Aug 2023 08:25:32 PM UTC: 
 list.c | 1 +
 1 file changed, 1 insertion(+)
 tests:  10|2
total_score: 45/70
9be58f7
Thu 24 Aug 2023 08:28:50 PM UTC: 
 list.c | 4 +---
 1 file changed, 1 insertion(+), 3 deletions(-)
In file included from test.c:5:
list.c: In function ‘pushCurrent’:
list.c:107:12: error: variable ‘nuevoNodo’ set but not used [-Werror=unused-but-set-variable]
  107 |     Node * nuevoNodo = createNode(data);
      |            ^~~~~~~~~
cc1: all warnings being treated as errors
Compilation failed
14ea8e2
Thu 24 Aug 2023 08:30:03 PM UTC: 
 list.c | 2 +-
 1 file changed, 1 insertion(+), 1 deletion(-)
In file included from test.c:5:
list.c: In function ‘pushCurrent’:
list.c:107:12: error: unused variable ‘nuevoNodo’ [-Werror=unused-variable]
  107 |     Node * nuevoNodo = createNode(data);
      |            ^~~~~~~~~
cc1: all warnings being treated as errors
Compilation failed
c64f318
Thu 24 Aug 2023 08:42:30 PM UTC: 
 list.c | 4 +++-
 1 file changed, 3 insertions(+), 1 deletion(-)
 tests:  10|2
total_score: 45/70
88bca66
Thu 24 Aug 2023 08:51:31 PM UTC: 
 list.c | 9 +++++++--
 1 file changed, 7 insertions(+), 2 deletions(-)
 tests:  10|2
total_score: 45/70
e3108da
Thu 24 Aug 2023 08:51:54 PM UTC: 
 list.c | 1 +
 1 file changed, 1 insertion(+)
 tests:  10|2
total_score: 45/70
0c7b197
Thu 24 Aug 2023 08:53:34 PM UTC: 
 list.c | 4 ++++
 1 file changed, 4 insertions(+)
 tests:  10|2
total_score: 45/70
e2ee27a
Thu 24 Aug 2023 08:54:31 PM UTC: 
 list.c | 3 ---
 1 file changed, 3 deletions(-)
 tests:  10|2
total_score: 45/70
bae0ff7
Thu 24 Aug 2023 08:56:31 PM UTC: 
 list.c | 2 +-
 1 file changed, 1 insertion(+), 1 deletion(-)
 tests:  10|2
total_score: 45/70
187d15c
Thu 24 Aug 2023 08:56:41 PM UTC: 
 list.c | 2 +-
 1 file changed, 1 insertion(+), 1 deletion(-)
 tests:  10|2
total_score: 45/70
d617101
Thu 24 Aug 2023 09:00:34 PM UTC: 
 list.c | 7 +++++--
 1 file changed, 5 insertions(+), 2 deletions(-)
 tests:  10|2
total_score: 45/70
064a5c5
Thu 24 Aug 2023 11:35:25 PM UTC: 
 list.c | 30 ++++++++++++++++++++++--------
 1 file changed, 22 insertions(+), 8 deletions(-)
In file included from test.c:5:
list.c:109:1: error: expected identifier or ‘(’ before ‘}’ token
  109 | }
      | ^
Compilation failed
c323edd
Thu 24 Aug 2023 11:35:34 PM UTC: 
 list.c | 1 -
 1 file changed, 1 deletion(-)
 tests:  9|3
total_score: 35/70
465035e
Thu 24 Aug 2023 11:36:18 PM UTC: 
 list.c | 13 ++++++-------
 1 file changed, 6 insertions(+), 7 deletions(-)
 tests:  9|3
total_score: 35/70
a35df4b
Thu 24 Aug 2023 11:39:06 PM UTC: 
 list.c | 2 ++
 1 file changed, 2 insertions(+)
 tests:  9|3
total_score: 35/70
922d2dc
Thu 24 Aug 2023 11:40:12 PM UTC: 
 list.c | 6 ++----
 1 file changed, 2 insertions(+), 4 deletions(-)
 tests:  9|3
total_score: 35/70
17aa933
Thu 24 Aug 2023 11:42:38 PM UTC: 
 list.c | 26 ++++++++++++++------------
 1 file changed, 14 insertions(+), 12 deletions(-)
 tests:  10|2
total_score: 45/70
f959fed
Thu 24 Aug 2023 11:43:28 PM UTC: 
 list.c | 4 ++--
 1 file changed, 2 insertions(+), 2 deletions(-)
 tests:  10|2
total_score: 45/70
3e359d8
Thu 24 Aug 2023 11:44:08 PM UTC: 
 list.c | 7 +------
 1 file changed, 1 insertion(+), 6 deletions(-)
 tests:  10|2
total_score: 45/70
ef45edd
Fri 25 Aug 2023 01:14:28 AM UTC: 
 list.c | 25 ++++++++++++++++++++++++-
 1 file changed, 24 insertions(+), 1 deletion(-)
 tests:  0|0
95eb5c2
Fri 25 Aug 2023 01:40:41 AM UTC: 
 list.c | 39 ++++++++++++++++++++++++---------------
 1 file changed, 24 insertions(+), 15 deletions(-)
In file included from test.c:5:
list.c: In function ‘popCurrent’:
list.c:147:16: error: ‘L’ undeclared (first use in this function)
  147 |   Node * aux = L->head;
      |                ^
list.c:147:16: note: each undeclared identifier is reported only once for each function it appears in
list.c:150:32: error: ‘current’ undeclared (first use in this function); did you mean ‘popCurrent’?
  150 |   while (aux != NULL && aux != current) {
      |                                ^~~~~~~
      |                                popCurrent
test.c:448:5: error: ‘main’ is normally a non-static function [-Werror=main]
  448 | int main( int argc, char *argv[] ) {
      |     ^~~~
test.c:468:1: error: expected declaration or statement at end of input
  468 | }
      | ^
test.c:469: error: control reaches end of non-void function [-Werror=return-type]
At top level:
test.c:448:5: error: ‘main’ defined but not used [-Werror=unused-function]
  448 | int main( int argc, char *argv[] ) {
      |     ^~~~
In file included from test.c:5:
list.c:179:6: error: ‘cleanList’ defined but not used [-Werror=unused-function]
  179 | void cleanList(List * list) {
      |      ^~~~~~~~~
cc1: all warnings being treated as errors
Compilation failed
ef6bf85
Fri 25 Aug 2023 01:42:48 AM UTC: 
 list.c | 20 +++++++++++++-------
 1 file changed, 13 insertions(+), 7 deletions(-)
 tests:  11|1
total_score: 60/70
16da697
Fri 25 Aug 2023 01:45:32 AM UTC: 
 list.c | 16 +++++++---------
 1 file changed, 7 insertions(+), 9 deletions(-)
In file included from test.c:5:
list.c: In function ‘popCurrent’:
list.c:163:41: error: expected expression before ‘.’ token
  163 |             list->head = current->next; .
      |                                         ^
Compilation failed
9296108
Fri 25 Aug 2023 02:12:39 AM UTC: 
 list.c | 6 +++---
 1 file changed, 3 insertions(+), 3 deletions(-)
 tests:  0|0
e8fa30d
Fri 25 Aug 2023 02:13:25 AM UTC: 
 list.c | 2 +-
 1 file changed, 1 insertion(+), 1 deletion(-)
In file included from test.c:5:
list.c: In function ‘popCurrent’:
list.c:163:41: error: expected expression before ‘.’ token
  163 |             list->head = current->next; .
      |                                         ^
Compilation failed
9600c2a
Fri 25 Aug 2023 02:13:36 AM UTC: 
 list.c | 2 +-
 1 file changed, 1 insertion(+), 1 deletion(-)
 tests:  0|0
789ef32
